<?xml version="1.0" encoding="UTF-8"?>
<!-- Generated by org.testng.reporters.JUnitXMLReporter -->
<testsuite hostname="DESKTOP-5NJ8RDL" failures="1" tests="2" name="Surefire test" time="2.917" errors="0" timestamp="6 May 2024 20:24:23 GMT">
  <testcase classname="com.app.product.compare.tool.fetch.ProductFetcherTest" name="testFetchProductDetails" time="2.872">
    <failure type="java.lang.AssertionError" message="expected [false] but found [true]">
      <![CDATA[java.lang.AssertionError: expected [false] but found [true]
	at com.app.product.compare.tool.fetch.ProductFetcherTest.testFetchProductDetails(ProductFetcherTest.java:36)
	at org.apache.maven.surefire.testng.TestNGExecutor.run(TestNGExecutor.java:155)
	at org.apache.maven.surefire.testng.TestNGDirectoryTestSuite.executeMulti(TestNGDirectoryTestSuite.java:169)
	at org.apache.maven.surefire.testng.TestNGDirectoryTestSuite.execute(TestNGDirectoryTestSuite.java:88)
	at org.apache.maven.surefire.testng.TestNGProvider.invoke(TestNGProvider.java:137)
	at org.apache.maven.surefire.booter.ForkedBooter.runSuitesInProcess(ForkedBooter.java:385)
	at org.apache.maven.surefire.booter.ForkedBooter.execute(ForkedBooter.java:162)
	at org.apache.maven.surefire.booter.ForkedBooter.run(ForkedBooter.java:507)
	at org.apache.maven.surefire.booter.ForkedBooter.main(ForkedBooter.java:495)
... Removed 23 stack frames]]>
    </failure>
  </testcase> <!-- testFetchProductDetails -->
  <testcase classname="com.app.product.compare.tool.PriceComparisonTests" name="testFindLowestPriceUrl" time="0.009"/>
</testsuite> <!-- Surefire test -->
